<?xml version="1.0" encoding="UTF-8"?>
<!-- Generated by org.testng.reporters.JUnitXMLReporter -->
<testsuite ignored="0" hostname="Prakhar" failures="0" tests="6" name="Test" time="97.775" errors="0" timestamp="2022-12-11T00:08:12 IST">
  <testcase classname="com.qa.locationtest.testcases.LoginPageTest" name="verifyLoginPageLogoImageTest" time="0.073"/>
  <testcase classname="com.qa.locationtest.testcases.LoginPageTest" name="verifyLoginPageTitleTest" time="0.016"/>
  <testcase classname="com.qa.locationtest.testcases.LoginPageTest" name="loginTest" time="0.299"/>
  <testcase classname="com.qa.locationtest.testcases.FilterPageTest" name="verifyFilterPageTitleTest" time="0.014"/>
  <testcase classname="com.qa.locationtest.testcases.FilterPageTest" name="verifyFilterTest" time="50.964"/>
  <testcase classname="com.qa.locationtest.testcases.LiveTrackingPageTest" name="verifyCountofAllRidersTest" time="10.035"/>
</testsuite> <!-- Test -->
