<?xml version="1.0" encoding="UTF-8"?>
<testng-results ignored="0" total="1" passed="1" failed="0" skipped="0">
  <reporter-output>
  </reporter-output>
  <suite started-at="2022-12-11T00:42:34 IST" name="Default suite" finished-at="2022-12-11T00:43:46 IST" duration-ms="72150">
    <groups>
    </groups>
    <test started-at="2022-12-11T00:42:34 IST" name="Default test" finished-at="2022-12-11T00:43:46 IST" duration-ms="72150">
      <class name="com.qa.locationtest.testcases.LiveTrackingPageTest">
        <test-method is-config="true" signature="setUp()[pri:0, instance:com.qa.locationtest.testcases.LiveTrackingPageTest@63376bed]" started-at="2022-12-11T00:42:34 IST" name="setUp" finished-at="2022-12-11T00:43:36 IST" duration-ms="61513" status="PASS">
          <reporter-output>
          </reporter-output>
        </test-method> <!-- setUp -->
        <test-method signature="verifyCountofAllRidersTest()[pri:1, instance:com.qa.locationtest.testcases.LiveTrackingPageTest@63376bed]" started-at="2022-12-11T00:43:36 IST" name="verifyCountofAllRidersTest" finished-at="2022-12-11T00:43:46 IST" duration-ms="10227" status="PASS">
          <reporter-output>
          </reporter-output>
        </test-method> <!-- verifyCountofAllRidersTest -->
        <test-method is-config="true" signature="tearDown()[pri:0, instance:com.qa.locationtest.testcases.LiveTrackingPageTest@63376bed]" started-at="2022-12-11T00:43:46 IST" name="tearDown" finished-at="2022-12-11T00:43:46 IST" duration-ms="381" status="PASS">
          <reporter-output>
          </reporter-output>
        </test-method> <!-- tearDown -->
      </class> <!-- com.qa.locationtest.testcases.LiveTrackingPageTest -->
    </test> <!-- Default test -->
  </suite> <!-- Default suite -->
</testng-results>
