<?xml version="1.0" encoding="UTF-8"?>
<testng-results ignored="0" total="3" passed="3" failed="0" skipped="0">
  <reporter-output>
  </reporter-output>
  <suite started-at="2022-12-06T10:14:11 IST" name="Default suite" finished-at="2022-12-06T10:14:26 IST" duration-ms="15529">
    <groups>
    </groups>
    <test started-at="2022-12-06T10:14:11 IST" name="Default test" finished-at="2022-12-06T10:14:26 IST" duration-ms="15529">
      <class name="com.qa.locationtest.testcases.LoginPageTest">
        <test-method is-config="true" signature="setUp()[pri:0, instance:com.qa.locationtest.testcases.LoginPageTest@738dc9b]" started-at="2022-12-06T10:14:11 IST" name="setUp" finished-at="2022-12-06T10:14:25 IST" duration-ms="14656" status="PASS">
          <reporter-output>
          </reporter-output>
        </test-method> <!-- setUp -->
        <test-method signature="verifyLoginPageLogoImageTest()[pri:1, instance:com.qa.locationtest.testcases.LoginPageTest@738dc9b]" started-at="2022-12-06T10:14:26 IST" name="verifyLoginPageLogoImageTest" finished-at="2022-12-06T10:14:26 IST" duration-ms="72" status="PASS">
          <reporter-output>
          </reporter-output>
        </test-method> <!-- verifyLoginPageLogoImageTest -->
        <test-method signature="verifyLoginPageTitleTest()[pri:2, instance:com.qa.locationtest.testcases.LoginPageTest@738dc9b]" started-at="2022-12-06T10:14:26 IST" name="verifyLoginPageTitleTest" finished-at="2022-12-06T10:14:26 IST" duration-ms="9" status="PASS">
          <reporter-output>
          </reporter-output>
        </test-method> <!-- verifyLoginPageTitleTest -->
        <test-method signature="loginTest()[pri:3, instance:com.qa.locationtest.testcases.LoginPageTest@738dc9b]" started-at="2022-12-06T10:14:26 IST" name="loginTest" finished-at="2022-12-06T10:14:26 IST" duration-ms="293" status="PASS">
          <reporter-output>
          </reporter-output>
        </test-method> <!-- loginTest -->
        <test-method is-config="true" signature="tearDown()[pri:0, instance:com.qa.locationtest.testcases.LoginPageTest@738dc9b]" started-at="2022-12-06T10:14:26 IST" name="tearDown" finished-at="2022-12-06T10:14:26 IST" duration-ms="429" status="PASS">
          <reporter-output>
          </reporter-output>
        </test-method> <!-- tearDown -->
      </class> <!-- com.qa.locationtest.testcases.LoginPageTest -->
    </test> <!-- Default test -->
  </suite> <!-- Default suite -->
</testng-results>
