<?xml version="1.0" encoding="UTF-8"?>
<!-- Generated by org.testng.reporters.JUnitXMLReporter -->
<testsuite ignored="0" hostname="Prakhar" failures="0" tests="3" name="Default test" time="15.529" errors="0" timestamp="2022-12-06T10:14:26 IST">
  <testcase classname="com.qa.locationtest.testcases.LoginPageTest" name="verifyLoginPageLogoImageTest" time="0.072"/>
  <testcase classname="com.qa.locationtest.testcases.LoginPageTest" name="verifyLoginPageTitleTest" time="0.009"/>
  <testcase classname="com.qa.locationtest.testcases.LoginPageTest" name="loginTest" time="0.293"/>
</testsuite> <!-- Default test -->
